Build started 26-01-2012 13:55:28.
     1>Project "C:\Users\user\Desktop\António_Pereira_a21170273_Pedro_Fartaria_a21190311\tpoofinal\tpoo\tpoo.vcxproj" on node 2 (build target(s)).
     1>InitializeBuildStatus:
         Creating "Debug\tpoo.unsuccessfulbuild" because "AlwaysCreate" was specified.
       ClCompile:
         All outputs are up-to-date.
       Link:
         C:\Program Files (x86)\Microsoft Visual Studio 10.0\VC\bin\link.exe /ERRORREPORT:PROMPT /OUT:"C:\Users\user\Desktop\António_Pereira_a21170273_Pedro_Fartaria_a21190311\tpoofinal\Debug\tpoo.exe" /NOLOGO kernel32.lib user32.lib gdi32.lib winspool.lib comdlg32.lib advapi32.lib shell32.lib ole32.lib oleaut32.lib uuid.lib odbc32.lib odbccp32.lib /MANIFEST /ManifestFile:"Debug\tpoo.exe.intermediate.manifest" /MANIFESTUAC:"level='asInvoker' uiAccess='false'" /DEBUG /PDB:"C:\Users\user\Desktop\António_Pereira_a21170273_Pedro_Fartaria_a21190311\tpoofinal\Debug\tpoo.pdb" /TLBID:1 /DYNAMICBASE /NXCOMPAT /IMPLIB:"C:\Users\user\Desktop\António_Pereira_a21170273_Pedro_Fartaria_a21190311\tpoofinal\Debug\tpoo.lib" /MACHINE:X86 Debug\artefacto.obj
         Debug\cidade.obj
         Debug\Consola.obj
         Debug\faccao.obj
         Debug\habitante.obj
         Debug\jogo.obj
         Debug\main.obj
         LINK : C:\Users\user\Desktop\António_Pereira_a21170273_Pedro_Fartaria_a21190311\tpoofinal\Debug\tpoo.exe not found or not built by the last incremental link; performing full link
         tpoo.vcxproj -> C:\Users\user\Desktop\António_Pereira_a21170273_Pedro_Fartaria_a21190311\tpoofinal\Debug\tpoo.exe
       Manifest:
         C:\Program Files (x86)\Microsoft SDKs\Windows\v7.0A\bin\mt.exe /nologo /verbose /outputresource:"C:\Users\user\Desktop\António_Pereira_a21170273_Pedro_Fartaria_a21190311\tpoofinal\Debug\tpoo.exe;#1" /manifest Debug\tpoo.exe.intermediate.manifest
       FinalizeBuildStatus:
         Deleting file "Debug\tpoo.unsuccessfulbuild".
         Touching "Debug\tpoo.lastbuildstate".
     1>Done Building Project "C:\Users\user\Desktop\António_Pereira_a21170273_Pedro_Fartaria_a21190311\tpoofinal\tpoo\tpoo.vcxproj" (build target(s)).

Build succeeded.

Time Elapsed 00:00:18.61
